<?xml version="1.0" encoding="UTF-8" ?>
<testsuite tests="2" failures="0" name="com.aloneness.compusHelpSystem.service.test.UserServiceTest" time="0.003" errors="0" skipped="0">
  <properties>
    <property name="idea.version" value="2017.1.3"/>
    <property name="java.runtime.name" value="Java(TM) SE Runtime Environment"/>
    <property name="sun.boot.library.path" value="C:\Program Files\Java8\jdk 1.8\jre\bin"/>
    <property name="java.vm.version" value="25.131-b11"/>
    <property name="java.vm.vendor" value="Oracle Corporation"/>
    <property name="java.vendor.url" value="http://java.oracle.com/"/>
    <property name="path.separator" value=";"/>
    <property name="guice.disable.misplaced.annotation.check" value="true"/>
    <property name="java.vm.name" value="Java HotSpot(TM) 64-Bit Server VM"/>
    <property name="file.encoding.pkg" value="sun.io"/>
    <property name="user.script" value=""/>
    <property name="user.country" value="CN"/>
    <property name="sun.java.launcher" value="SUN_STANDARD"/>
    <property name="sun.os.patch.level" value=""/>
    <property name="java.vm.specification.name" value="Java Virtual Machine Specification"/>
    <property name="user.dir" value="D:\code\毕业设计\compusHelpSystem"/>
    <property name="java.runtime.version" value="1.8.0_131-b11"/>
    <property name="java.awt.graphicsenv" value="sun.awt.Win32GraphicsEnvironment"/>
    <property name="java.endorsed.dirs" value="C:\Program Files\Java8\jdk 1.8\jre\lib\endorsed"/>
    <property name="os.arch" value="amd64"/>
    <property name="java.io.tmpdir" value="C:\Users\HUANSH~1\AppData\Local\Temp\"/>
    <property name="line.separator" value="
"/>
    <property name="java.vm.specification.vendor" value="Oracle Corporation"/>
    <property name="user.variant" value=""/>
    <property name="os.name" value="Windows 10"/>
    <property name="classworlds.conf" value="C:\apache-maven-3.2.2\bin\m2.conf"/>
    <property name="sun.jnu.encoding" value="GBK"/>
    <property name="java.library.path" value="C:\Program Files\Java8\jdk 1.8\bin;C:\WINDOWS\Sun\Java\bin;C:\WINDOWS\system32;C:\WINDOWS;C:\Android\SDK\tools;C:\Android\SDK\platform-tools;C:\ProgramData\Oracle\Java\javapath;C:\mysql\mysql-5.7.13-winx64\bin;C:\apache-tomcat-8.5.31\bin;C:\apache-tomcat-8.5.31\lib;C:\Program Files\Java8\jdk 1.8\jre\bin;C:\Program Files\Java8\jdk 1.8\bin;C:\WINDOWS\system32;C:\WINDOWS;C:\WINDOWS\System32\Wbem;C:\WINDOWS\System32\WindowsPowerShell\v1.0\;C:\SubVersion\bin;C:\Program Files\Java8\jre 1.8\bin;D:\MongoDB\bin;C:\Program Files\dotnet\;C:\WINDOWS\System32\OpenSSH\;C:\Program Files\Microsoft SQL Server\120\DTS\Binn\;C:\Program Files\Microsoft SQL Server\Client SDK\ODBC\110\Tools\Binn\;C:\Program Files (x86)\Microsoft SQL Server\120\Tools\Binn\;C:\Program Files\Microsoft SQL Server\120\Tools\Binn\;C:\Program Files (x86)\Microsoft SQL Server\120\Tools\Binn\ManagementStudio\;C:\Program Files (x86)\Microsoft SQL Server\120\DTS\Binn\;C:\Program Files\Calibre2\;C:\Users\huanshaolst\AppData\Local\Programs\Python\Python35\Scripts\;C:\Users\huanshaolst\AppData\Local\Programs\Python\Python35\;C:\Users\huanshaolst\AppData\Local\Microsoft\WindowsApps;C:\apache-maven-3.2.2\bin;D:\Java\spring-1.5.7.RELEASE\bin;C:\Program Files\Bandizip\;."/>
    <property name="java.specification.name" value="Java Platform API Specification"/>
    <property name="java.class.version" value="52.0"/>
    <property name="sun.management.compiler" value="HotSpot 64-Bit Tiered Compilers"/>
    <property name="os.version" value="10.0"/>
    <property name="user.home" value="C:\Users\huanshaolst"/>
    <property name="user.timezone" value="Asia/Shanghai"/>
    <property name="java.awt.printerjob" value="sun.awt.windows.WPrinterJob"/>
    <property name="java.specification.version" value="1.8"/>
    <property name="file.encoding" value="UTF-8"/>
    <property name="user.name" value="huanshaolst"/>
    <property name="java.class.path" value="C:\apache-maven-3.2.2\boot\plexus-classworlds-2.5.1.jar;C:\IntelliJ IDEA 2017.1.3\lib\idea_rt.jar"/>
    <property name="org.slf4j.simpleLogger.defaultLogLevel" value="info"/>
    <property name="java.vm.specification.version" value="1.8"/>
    <property name="sun.arch.data.model" value="64"/>
    <property name="java.home" value="C:\Program Files\Java8\jdk 1.8\jre"/>
    <property name="sun.java.command" value="org.codehaus.classworlds.Launcher -Didea.version=2017.1.3 -s C:\apache-maven-3.2.2\conf\settings.xml install"/>
    <property name="java.specification.vendor" value="Oracle Corporation"/>
    <property name="user.language" value="zh"/>
    <property name="awt.toolkit" value="sun.awt.windows.WToolkit"/>
    <property name="java.vm.info" value="mixed mode"/>
    <property name="java.version" value="1.8.0_131"/>
    <property name="java.ext.dirs" value="C:\Program Files\Java8\jdk 1.8\jre\lib\ext;C:\WINDOWS\Sun\Java\lib\ext"/>
    <property name="sun.boot.class.path" value="C:\Program Files\Java8\jdk 1.8\jre\lib\resources.jar;C:\Program Files\Java8\jdk 1.8\jre\lib\rt.jar;C:\Program Files\Java8\jdk 1.8\jre\lib\sunrsasign.jar;C:\Program Files\Java8\jdk 1.8\jre\lib\jsse.jar;C:\Program Files\Java8\jdk 1.8\jre\lib\jce.jar;C:\Program Files\Java8\jdk 1.8\jre\lib\charsets.jar;C:\Program Files\Java8\jdk 1.8\jre\lib\jfr.jar;C:\Program Files\Java8\jdk 1.8\jre\classes"/>
    <property name="java.vendor" value="Oracle Corporation"/>
    <property name="maven.home" value="C:\apache-maven-3.2.2"/>
    <property name="file.separator" value="\"/>
    <property name="java.vendor.url.bug" value="http://bugreport.sun.com/bugreport/"/>
    <property name="sun.cpu.endian" value="little"/>
    <property name="sun.io.unicode.encoding" value="UnicodeLittle"/>
    <property name="sun.desktop" value="windows"/>
    <property name="sun.cpu.isalist" value="amd64"/>
  </properties>
  <testcase classname="com.aloneness.compusHelpSystem.service.test.UserServiceTest" name="testSaveUser" time="0"/>
  <testcase classname="com.aloneness.compusHelpSystem.service.test.UserServiceTest" name="testSelectAll" time="0.003"/>
</testsuite>